<?xml version="1.0" encoding="UTF-8"?>
<!-- Generated by org.testng.reporters.JUnitReportReporter -->
<testsuite hostname="DESKTOP-4S4A4UH" failures="0" tests="1" name="testNGBasics.ParameterTest" time="0.035" errors="0" timestamp="2024-03-06T06:48:55 IST" skipped="0">
  <testcase classname="testNGBasics.ParameterTest" name="sampleTestCase" time="0.035"/>
</testsuite> <!-- testNGBasics.ParameterTest -->
