<?xml version="1.0" encoding="UTF-8"?>
<!-- Generated by org.testng.reporters.JUnitReportReporter -->
<testsuite hostname="DESKTOP-4S4A4UH" failures="0" tests="9" name="testNGBasics.DataProviderTest" time="0.132" errors="0" timestamp="2024-03-06T07:12:16 IST" skipped="0">
  <testcase classname="testNGBasics.DataProviderTest" name="testcase01" time="0.020"/>
  <testcase classname="testNGBasics.DataProviderTest" name="testcase02" time="0.012"/>
  <testcase classname="testNGBasics.DataProviderTest" name="testcase02" time="0.018"/>
  <testcase classname="testNGBasics.DataProviderTest" name="testcase01" time="0.018"/>
  <testcase classname="testNGBasics.DataProviderTest" name="testcase02" time="0.012"/>
  <testcase classname="testNGBasics.DataProviderTest" name="testcase02" time="0.028"/>
  <testcase classname="testNGBasics.DataProviderTest" name="testcase02" time="0.003"/>
  <testcase classname="testNGBasics.DataProviderTest" name="testcase01" time="0.017"/>
  <testcase classname="testNGBasics.DataProviderTest" name="testcase02" time="0.004"/>
</testsuite> <!-- testNGBasics.DataProviderTest -->
