<?xml version="1.0" encoding="UTF-8"?>
<!-- Generated by org.testng.reporters.JUnitReportReporter -->
<testsuite hostname="DESKTOP-4S4A4UH" failures="0" tests="1" name="testNGBasics.GroupingTest" time="0.060" errors="0" timestamp="2024-03-05T07:16:12 IST" skipped="0">
  <testcase classname="testNGBasics.GroupingTest" name="test05" time="0.060"/>
</testsuite> <!-- testNGBasics.GroupingTest -->
