<?xml version="1.0" encoding="UTF-8"?>
<!-- Generated by org.testng.reporters.JUnitReportReporter -->
<testsuite hostname="DESKTOP-4S4A4UH" failures="0" tests="5" name="testNGBasics.BasictestNGCommand" time="0.041" errors="0" timestamp="2024-03-05T07:05:17 IST" skipped="1">
  <testcase classname="testNGBasics.BasictestNGCommand" name="test05" time="0.011"/>
  <testcase classname="testNGBasics.BasictestNGCommand" name="test04" time="0.008"/>
  <testcase classname="testNGBasics.BasictestNGCommand" name="test02" time="0.008"/>
  <testcase classname="testNGBasics.BasictestNGCommand" name="test03" time="0.014"/>
  <testcase classname="testNGBasics.BasictestNGCommand" name="test01">
    <skipped/>
  </testcase> <!-- test01 -->
</testsuite> <!-- testNGBasics.BasictestNGCommand -->
